<?xml version="1.0" encoding="UTF-8"?>
<!-- Generated by org.testng.reporters.JUnitXMLReporter -->
<testsuite hostname="P3ALAP-G01FTQF" ignored="0" name="Test" tests="7" failures="4" timestamp="05 Nov 2019 05:39:29 GMT" time="0.064" errors="0">
  <testcase name="test1" time="0.012" classname="testngFeature.DemoAssertEquals">
    <failure type="java.lang.AssertionError" message="expected [Hello] but found [Hello1]">
      <![CDATA[java.lang.AssertionError: expected [Hello] but found [Hello1]
at testngFeature.DemoAssertEquals.test1(DemoAssertEquals.java:11)
... Removed 31 stack frames]]>
    </failure>
  </testcase> <!-- test1 -->
  <testcase name="test2" time="0.001" classname="testngFeature.DemoAssertEquals"/>
  <testcase name="test3" time="0.001" classname="testngFeature.DemoAssertEquals"/>
  <testcase name="test4" time="0.002" classname="testngFeature.DemoAssertEquals">
    <failure type="java.lang.AssertionError" message="Failing the test">
      <![CDATA[java.lang.AssertionError: Failing the test
at testngFeature.DemoAssertEquals.test4(DemoAssertEquals.java:40)
... Removed 26 stack frames]]>
    </failure>
  </testcase> <!-- test4 -->
  <testcase name="test1" time="0.002" classname="testngFeature.DemoAssertion">
    <failure type="java.lang.AssertionError" message="Error : 81 less that 20 expected [true] but found [false]">
      <![CDATA[java.lang.AssertionError: Error : 81 less that 20 expected [true] but found [false]
at testngFeature.DemoAssertion.test1(DemoAssertion.java:13)
... Removed 28 stack frames]]>
    </failure>
  </testcase> <!-- test1 -->
  <testcase name="test2" time="0.001" classname="testngFeature.DemoAssertion"/>
  <testcase name="test3" time="0.001" classname="testngFeature.DemoAssertion">
    <failure type="java.lang.AssertionError" message="Error expected [true] but found [false]">
      <![CDATA[java.lang.AssertionError: Error expected [true] but found [false]
at testngFeature.DemoAssertion.test3(DemoAssertion.java:33)
... Removed 28 stack frames]]>
    </failure>
  </testcase> <!-- test3 -->
</testsuite> <!-- Test -->
