<?xml version="1.0" encoding="UTF-8"?>
<!-- Generated by org.testng.reporters.JUnitXMLReporter -->
<testsuite hostname="P3ALAP-G01FTQF" ignored="1" name="Test" tests="27" failures="8" timestamp="2019-11-12T10:47:20 IST" time="54.005" errors="0">
  <testcase name="@AfterTest afterTest" time="0.297" classname="testngFeature.OpenGoogle">
    <failure type="org.openqa.selenium.WebDriverException" message="chrome not reachable
  (Session info: chrome=78.0.3904.87)
Build info: version: &amp;apos;3.141.59&amp;apos;, revision: &amp;apos;e82be7d358&amp;apos;, time: &amp;apos;2018-11-14T08:17:03&amp;apos;
System info: host: &amp;apos;P3ALAP-G01FTQF&amp;apos;, ip: &amp;apos;10.222.162.86&amp;apos;, os.name: &amp;apos;Windows 10&amp;apos;, os.arch: &amp;apos;amd64&amp;apos;, os.version: &amp;apos;10.0&amp;apos;, java.version: &amp;apos;1.8.0_201&amp;apos;
Driver info: org.openqa.selenium.chrome.ChromeDriver
Capabilities {acceptInsecureCerts: false, browserName: chrome, browserVersion: 78.0.3904.87, chrome: {chromedriverVersion: 78.0.3904.70 (edb9c9f3de024..., userDataDir: C:\Users\NEC936~1.MIS\AppDa...}, goog:chromeOptions: {debuggerAddress: localhost:50734}, javascriptEnabled: true, networkConnectionEnabled: false, pageLoadStrategy: normal, platform: XP, platformName: XP, proxy: Proxy(), setWindowRect: true, strictFileInteractability: false, timeouts: {implicit: 0, pageLoad: 300000, script: 30000}, unhandledPromptBehavior: dismiss and notify}
Session ID: fc754ca5efc464d36850a321d3d7d7b0">
      <![CDATA[org.openqa.selenium.WebDriverException: chrome not reachable
  (Session info: chrome=78.0.3904.87)
Build info: version: '3.141.59', revision: 'e82be7d358', time: '2018-11-14T08:17:03'
System info: host: 'P3ALAP-G01FTQF', ip: '10.222.162.86', os.name: 'Windows 10', os.arch: 'amd64', os.version: '10.0', java.version: '1.8.0_201'
Driver info: org.openqa.selenium.chrome.ChromeDriver
Capabilities {acceptInsecureCerts: false, browserName: chrome, browserVersion: 78.0.3904.87, chrome: {chromedriverVersion: 78.0.3904.70 (edb9c9f3de024..., userDataDir: C:\Users\NEC936~1.MIS\AppDa...}, goog:chromeOptions: {debuggerAddress: localhost:50734}, javascriptEnabled: true, networkConnectionEnabled: false, pageLoadStrategy: normal, platform: XP, platformName: XP, proxy: Proxy(), setWindowRect: true, strictFileInteractability: false, timeouts: {implicit: 0, pageLoad: 300000, script: 30000}, unhandledPromptBehavior: dismiss and notify}
Session ID: fc754ca5efc464d36850a321d3d7d7b0
at org.openqa.selenium.remote.http.W3CHttpResponseCodec.createException(W3CHttpResponseCodec.java:187)
at org.openqa.selenium.remote.http.W3CHttpResponseCodec.decode(W3CHttpResponseCodec.java:122)
at org.openqa.selenium.remote.http.W3CHttpResponseCodec.decode(W3CHttpResponseCodec.java:49)
at org.openqa.selenium.remote.HttpCommandExecutor.execute(HttpCommandExecutor.java:158)
at org.openqa.selenium.remote.service.DriverCommandExecutor.execute(DriverCommandExecutor.java:83)
at org.openqa.selenium.remote.RemoteWebDriver.execute(RemoteWebDriver.java:552)
at org.openqa.selenium.remote.RemoteWebDriver.execute(RemoteWebDriver.java:609)
at org.openqa.selenium.remote.RemoteWebDriver.close(RemoteWebDriver.java:442)
at testngFeature.OpenGoogle.afterTest(OpenGoogle.java:27)
... Removed 32 stack frames]]>
    </failure>
  </testcase> <!-- @AfterTest afterTest -->
  <testcase name="test1" time="0.006" classname="testngFeature.DemoAssertEquals">
    <failure type="java.lang.AssertionError" message="expected [Hello] but found [Hello1]">
      <![CDATA[java.lang.AssertionError: expected [Hello] but found [Hello1]
at testngFeature.DemoAssertEquals.test1(DemoAssertEquals.java:11)
at java.util.ArrayList.forEach(ArrayList.java:1257)
... Removed 36 stack frames]]>
    </failure>
  </testcase> <!-- test1 -->
  <testcase name="test2" time="0.004" classname="testngFeature.DemoAssertEquals"/>
  <testcase name="test3" time="0.003" classname="testngFeature.DemoAssertEquals"/>
  <testcase name="test4" time="0.002" classname="testngFeature.DemoAssertEquals">
    <failure type="java.lang.AssertionError" message="Failing the test">
      <![CDATA[java.lang.AssertionError: Failing the test
at testngFeature.DemoAssertEquals.test4(DemoAssertEquals.java:40)
at java.util.ArrayList.forEach(ArrayList.java:1257)
... Removed 32 stack frames]]>
    </failure>
  </testcase> <!-- test4 -->
  <testcase name="test1" time="0.002" classname="testngFeature.DemoAssertion">
    <failure type="java.lang.AssertionError" message="Error : 81 less that 20 did not expect to find [true] but found [false]">
      <![CDATA[java.lang.AssertionError: Error : 81 less that 20 did not expect to find [true] but found [false]
at testngFeature.DemoAssertion.test1(DemoAssertion.java:13)
at java.util.ArrayList.forEach(ArrayList.java:1257)
... Removed 34 stack frames]]>
    </failure>
  </testcase> <!-- test1 -->
  <testcase name="test2" time="0.005" classname="testngFeature.DemoAssertion"/>
  <testcase name="test3" time="0.004" classname="testngFeature.DemoAssertion">
    <failure type="java.lang.AssertionError" message="Error did not expect to find [true] but found [false]">
      <![CDATA[java.lang.AssertionError: Error did not expect to find [true] but found [false]
at testngFeature.DemoAssertion.test3(DemoAssertion.java:33)
at java.util.ArrayList.forEach(ArrayList.java:1257)
... Removed 34 stack frames]]>
    </failure>
  </testcase> <!-- test3 -->
  <testcase name="login" time="0.002" classname="testngFeature.DemoDataProvider"/>
  <testcase name="login" time="0.002" classname="testngFeature.DemoDataProvider"/>
  <testcase name="login" time="0.007" classname="testngFeature.DemoDataProvider"/>
  <testcase name="openBrowser" time="0.002" classname="testngFeature.DemodependaOn"/>
  <testcase name="login" time="0.001" classname="testngFeature.DemodependaOn"/>
  <testcase name="logout" time="0.001" classname="testngFeature.DemodependaOn"/>
  <testcase name="f" time="0.011" classname="testngFeature.DemoSoftAssert">
    <failure type="java.lang.AssertionError" message="The following asserts failed:
	expected [12] but found [10],
	did not expect to find [Hello] but found [Hello]">
      <![CDATA[java.lang.AssertionError: The following asserts failed:
expected [12] but found [10],
did not expect to find [Hello] but found [Hello]
at testngFeature.DemoSoftAssert.f(DemoSoftAssert.java:18)
at java.util.ArrayList.forEach(ArrayList.java:1257)
... Removed 33 stack frames]]>
    </failure>
  </testcase> <!-- f -->
  <testcase name="f" time="0.002" classname="testngFeature.DemoTestngSeq"/>
  <testcase name="f" time="0.016" classname="testngFeature.DemoVerify"/>
  <testcase name="OpenBrowser" time="0.006" classname="testngFeature.MercuryTravel"/>
  <testcase name="OpenURL" time="0.003" classname="testngFeature.MercuryTravel"/>
  <testcase name="login" time="0.002" classname="testngFeature.MercuryTravel"/>
  <testcase name="BookFlight" time="0.001" classname="testngFeature.MercuryTravel"/>
  <testcase name="Logout" time="0.006" classname="testngFeature.MercuryTravel"/>
  <testcase name="CloseBrowser" time="0.002" classname="testngFeature.MercuryTravel"/>
  <testcase name="OpenChrome" time="6.536" classname="testngFeature.MultipleBrowserTest">
    <failure type="org.openqa.selenium.SessionNotCreatedException" message="session not created
from disconnected: received Inspector.detached event
  (Session info: chrome=78.0.3904.87)
Build info: version: &amp;apos;3.141.59&amp;apos;, revision: &amp;apos;e82be7d358&amp;apos;, time: &amp;apos;2018-11-14T08:17:03&amp;apos;
System info: host: &amp;apos;P3ALAP-G01FTQF&amp;apos;, ip: &amp;apos;10.222.162.86&amp;apos;, os.name: &amp;apos;Windows 10&amp;apos;, os.arch: &amp;apos;amd64&amp;apos;, os.version: &amp;apos;10.0&amp;apos;, java.version: &amp;apos;1.8.0_201&amp;apos;
Driver info: driver.version: ChromeDriver
remote stacktrace: Backtrace:
	Ordinal0 [0x002AA903+1550595]
	Ordinal0 [0x0022A701+1025793]
	Ordinal0 [0x001AC6E5+509669]
	Ordinal0 [0x001A5229+479785]
	Ordinal0 [0x001A4DFA+478714]
	Ordinal0 [0x001A4878+477304]
	Ordinal0 [0x001A3FEA+475114]
	Ordinal0 [0x001A4105+475397]
	Ordinal0 [0x001A3BB5+474037]
	Ordinal0 [0x001AB445+504901]
	Ordinal0 [0x001A3B68+473960]
	Ordinal0 [0x001A451B+476443]
	Ordinal0 [0x001A3FEA+475114]
	Ordinal0 [0x001A4105+475397]
	Ordinal0 [0x001A3BB5+474037]
	Ordinal0 [0x001A9D8E+499086]
	Ordinal0 [0x001A3B68+473960]
	Ordinal0 [0x001A451B+476443]
	Ordinal0 [0x001A3FEA+475114]
	Ordinal0 [0x001A4105+475397]
	Ordinal0 [0x001A3BB5+474037]
	Ordinal0 [0x001A860D+493069]
	Ordinal0 [0x001A3B68+473960]
	Ordinal0 [0x001A451B+476443]
	Ordinal0 [0x001A3FEA+475114]
	Ordinal0 [0x001A4105+475397]
	Ordinal0 [0x001A3BB5+474037]
	Ordinal0 [0x001A7CC7+490695]
	Ordinal0 [0x001A3B68+473960]
	Ordinal0 [0x001A451B+476443]
	Ordinal0 [0x001A3FEA+475114]
	Ordinal0 [0x001A4105+475397]
	Ordinal0 [0x001A3BB5+474037]
	Ordinal0 [0x001A07AC+460716]
	Ordinal0 [0x001A3B68+473960]
	Ordinal0 [0x001A3A44+473668]
	Ordinal0 [0x001AD330+512816]
	Ordinal0 [0x0015B649+177737]
	Ordinal0 [0x0015A8ED+174317]
	Ordinal0 [0x00158CDB+167131]
	Ordinal0 [0x0014144A+70730]
	Ordinal0 [0x001424D0+74960]
	Ordinal0 [0x00142469+74857]
	Ordinal0 [0x002442C7+1131207]
	GetHandleVerifier [0x003470FD+523789]
	GetHandleVerifier [0x00346E90+523168]
	GetHandleVerifier [0x0034E1E7+552695]
	GetHandleVerifier [0x003478FA+525834]
	Ordinal0 [0x0023B7FC+1095676]
	Ordinal0 [0x0024633B+1139515]
	Ordinal0 [0x002464A3+1139875]
	Ordinal0 [0x00245425+1135653]
	BaseThreadInitThunk [0x753C0419+25]
	RtlGetAppContainerNamedObjectPath [0x777C662D+237]
	RtlGetAppContainerNamedObjectPath [0x777C65FD+189]
">
      <![CDATA[org.openqa.selenium.SessionNotCreatedException: session not created
from disconnected: received Inspector.detached event
  (Session info: chrome=78.0.3904.87)
Build info: version: '3.141.59', revision: 'e82be7d358', time: '2018-11-14T08:17:03'
System info: host: 'P3ALAP-G01FTQF', ip: '10.222.162.86', os.name: 'Windows 10', os.arch: 'amd64', os.version: '10.0', java.version: '1.8.0_201'
Driver info: driver.version: ChromeDriver
remote stacktrace: Backtrace:
Ordinal0 [0x002AA903+1550595]
Ordinal0 [0x0022A701+1025793]
Ordinal0 [0x001AC6E5+509669]
Ordinal0 [0x001A5229+479785]
Ordinal0 [0x001A4DFA+478714]
Ordinal0 [0x001A4878+477304]
Ordinal0 [0x001A3FEA+475114]
Ordinal0 [0x001A4105+475397]
Ordinal0 [0x001A3BB5+474037]
Ordinal0 [0x001AB445+504901]
Ordinal0 [0x001A3B68+473960]
Ordinal0 [0x001A451B+476443]
Ordinal0 [0x001A3FEA+475114]
Ordinal0 [0x001A4105+475397]
Ordinal0 [0x001A3BB5+474037]
Ordinal0 [0x001A9D8E+499086]
Ordinal0 [0x001A3B68+473960]
Ordinal0 [0x001A451B+476443]
Ordinal0 [0x001A3FEA+475114]
Ordinal0 [0x001A4105+475397]
Ordinal0 [0x001A3BB5+474037]
Ordinal0 [0x001A860D+493069]
Ordinal0 [0x001A3B68+473960]
Ordinal0 [0x001A451B+476443]
Ordinal0 [0x001A3FEA+475114]
Ordinal0 [0x001A4105+475397]
Ordinal0 [0x001A3BB5+474037]
Ordinal0 [0x001A7CC7+490695]
Ordinal0 [0x001A3B68+473960]
Ordinal0 [0x001A451B+476443]
Ordinal0 [0x001A3FEA+475114]
Ordinal0 [0x001A4105+475397]
Ordinal0 [0x001A3BB5+474037]
Ordinal0 [0x001A07AC+460716]
Ordinal0 [0x001A3B68+473960]
Ordinal0 [0x001A3A44+473668]
Ordinal0 [0x001AD330+512816]
Ordinal0 [0x0015B649+177737]
Ordinal0 [0x0015A8ED+174317]
Ordinal0 [0x00158CDB+167131]
Ordinal0 [0x0014144A+70730]
Ordinal0 [0x001424D0+74960]
Ordinal0 [0x00142469+74857]
Ordinal0 [0x002442C7+1131207]
GetHandleVerifier [0x003470FD+523789]
GetHandleVerifier [0x00346E90+523168]
GetHandleVerifier [0x0034E1E7+552695]
GetHandleVerifier [0x003478FA+525834]
Ordinal0 [0x0023B7FC+1095676]
Ordinal0 [0x0024633B+1139515]
Ordinal0 [0x002464A3+1139875]
Ordinal0 [0x00245425+1135653]
BaseThreadInitThunk [0x753C0419+25]
RtlGetAppContainerNamedObjectPath [0x777C662D+237]
RtlGetAppContainerNamedObjectPath [0x777C65FD+189]

at org.openqa.selenium.remote.W3CHandshakeResponse.lambda$errorHandler$0(W3CHandshakeResponse.java:62)
at org.openqa.selenium.remote.HandshakeResponse.lambda$getResponseFunction$0(HandshakeResponse.java:30)
at org.openqa.selenium.remote.ProtocolHandshake.lambda$createSession$0(ProtocolHandshake.java:126)
at java.util.stream.ReferencePipeline$3$1.accept(ReferencePipeline.java:193)
at java.util.Spliterators$ArraySpliterator.tryAdvance(Spliterators.java:958)
at java.util.stream.ReferencePipeline.forEachWithCancel(ReferencePipeline.java:126)
at java.util.stream.AbstractPipeline.copyIntoWithCancel(AbstractPipeline.java:498)
at java.util.stream.AbstractPipeline.copyInto(AbstractPipeline.java:485)
at java.util.stream.AbstractPipeline.wrapAndCopyInto(AbstractPipeline.java:471)
at java.util.stream.FindOps$FindOp.evaluateSequential(FindOps.java:152)
at java.util.stream.AbstractPipeline.evaluate(AbstractPipeline.java:234)
at java.util.stream.ReferencePipeline.findFirst(ReferencePipeline.java:464)
at org.openqa.selenium.remote.ProtocolHandshake.createSession(ProtocolHandshake.java:128)
at org.openqa.selenium.remote.ProtocolHandshake.createSession(ProtocolHandshake.java:74)
at org.openqa.selenium.remote.HttpCommandExecutor.execute(HttpCommandExecutor.java:136)
at org.openqa.selenium.remote.service.DriverCommandExecutor.execute(DriverCommandExecutor.java:83)
at org.openqa.selenium.remote.RemoteWebDriver.execute(RemoteWebDriver.java:552)
at org.openqa.selenium.remote.RemoteWebDriver.startSession(RemoteWebDriver.java:213)
at org.openqa.selenium.remote.RemoteWebDriver.<init>(RemoteWebDriver.java:131)
at org.openqa.selenium.chrome.ChromeDriver.<init>(ChromeDriver.java:181)
at org.openqa.selenium.chrome.ChromeDriver.<init>(ChromeDriver.java:168)
at org.openqa.selenium.chrome.ChromeDriver.<init>(ChromeDriver.java:123)
at testngFeature.MultipleBrowserTest.OpenChrome(MultipleBrowserTest.java:26)
at java.util.ArrayList.forEach(ArrayList.java:1257)
... Removed 35 stack frames]]>
    </failure>
  </testcase> <!-- OpenChrome -->
  <testcase name="OpenFirefox" time="22.738" classname="testngFeature.MultipleBrowserTest"/>
  <testcase name="OpenIE" time="10.128" classname="testngFeature.MultipleBrowserTest">
    <failure type="org.openqa.selenium.NoSuchWindowException" message="Unable to get browser
Build info: version: &amp;apos;3.141.59&amp;apos;, revision: &amp;apos;e82be7d358&amp;apos;, time: &amp;apos;2018-11-14T08:17:03&amp;apos;
System info: host: &amp;apos;P3ALAP-G01FTQF&amp;apos;, ip: &amp;apos;10.222.162.86&amp;apos;, os.name: &amp;apos;Windows 10&amp;apos;, os.arch: &amp;apos;amd64&amp;apos;, os.version: &amp;apos;10.0&amp;apos;, java.version: &amp;apos;1.8.0_201&amp;apos;
Driver info: org.openqa.selenium.ie.InternetExplorerDriver
Capabilities {acceptInsecureCerts: false, browserName: internet explorer, browserVersion: 11, javascriptEnabled: true, pageLoadStrategy: normal, platform: WINDOWS, platformName: WINDOWS, proxy: Proxy(), se:ieOptions: {browserAttachTimeout: 0, elementScrollBehavior: 0, enablePersistentHover: true, ie.browserCommandLineSwitches: , ie.ensureCleanSession: false, ie.fileUploadDialogTimeout: 3000, ie.forceCreateProcessApi: false, ignoreProtectedModeSettings: true, ignoreZoomSetting: false, initialBrowserUrl: http://localhost:36740/, nativeEvents: true, requireWindowFocus: false}, setWindowRect: true, timeouts: {implicit: 0, pageLoad: 300000, script: 30000}}
Session ID: d8e66f73-9b5a-4b73-b716-c7dad0f6a6b5">
      <![CDATA[org.openqa.selenium.NoSuchWindowException: Unable to get browser
Build info: version: '3.141.59', revision: 'e82be7d358', time: '2018-11-14T08:17:03'
System info: host: 'P3ALAP-G01FTQF', ip: '10.222.162.86', os.name: 'Windows 10', os.arch: 'amd64', os.version: '10.0', java.version: '1.8.0_201'
Driver info: org.openqa.selenium.ie.InternetExplorerDriver
Capabilities {acceptInsecureCerts: false, browserName: internet explorer, browserVersion: 11, javascriptEnabled: true, pageLoadStrategy: normal, platform: WINDOWS, platformName: WINDOWS, proxy: Proxy(), se:ieOptions: {browserAttachTimeout: 0, elementScrollBehavior: 0, enablePersistentHover: true, ie.browserCommandLineSwitches: , ie.ensureCleanSession: false, ie.fileUploadDialogTimeout: 3000, ie.forceCreateProcessApi: false, ignoreProtectedModeSettings: true, ignoreZoomSetting: false, initialBrowserUrl: http://localhost:36740/, nativeEvents: true, requireWindowFocus: false}, setWindowRect: true, timeouts: {implicit: 0, pageLoad: 300000, script: 30000}}
Session ID: d8e66f73-9b5a-4b73-b716-c7dad0f6a6b5
at org.openqa.selenium.remote.http.W3CHttpResponseCodec.createException(W3CHttpResponseCodec.java:187)
at org.openqa.selenium.remote.http.W3CHttpResponseCodec.decode(W3CHttpResponseCodec.java:122)
at org.openqa.selenium.remote.http.W3CHttpResponseCodec.decode(W3CHttpResponseCodec.java:49)
at org.openqa.selenium.remote.HttpCommandExecutor.execute(HttpCommandExecutor.java:158)
at org.openqa.selenium.remote.service.DriverCommandExecutor.execute(DriverCommandExecutor.java:83)
at org.openqa.selenium.remote.RemoteWebDriver.execute(RemoteWebDriver.java:552)
at org.openqa.selenium.remote.RemoteWebDriver$RemoteTargetLocator.defaultContent(RemoteWebDriver.java:922)
at testngFeature.MultipleBrowserTest.OpenIE(MultipleBrowserTest.java:43)
at java.util.ArrayList.forEach(ArrayList.java:1257)
... Removed 35 stack frames]]>
    </failure>
  </testcase> <!-- OpenIE -->
  <testcase name="f" time="0.001" classname="testngFeature.NewTest"/>
  <testcase name="f" time="6.04" classname="testngFeature.OpenGoogle">
    <failure type="org.openqa.selenium.WebDriverException" message="chrome not reachable
  (Session info: chrome=78.0.3904.87)
Build info: version: &amp;apos;3.141.59&amp;apos;, revision: &amp;apos;e82be7d358&amp;apos;, time: &amp;apos;2018-11-14T08:17:03&amp;apos;
System info: host: &amp;apos;P3ALAP-G01FTQF&amp;apos;, ip: &amp;apos;10.222.162.86&amp;apos;, os.name: &amp;apos;Windows 10&amp;apos;, os.arch: &amp;apos;amd64&amp;apos;, os.version: &amp;apos;10.0&amp;apos;, java.version: &amp;apos;1.8.0_201&amp;apos;
Driver info: org.openqa.selenium.chrome.ChromeDriver
Capabilities {acceptInsecureCerts: false, browserName: chrome, browserVersion: 78.0.3904.87, chrome: {chromedriverVersion: 78.0.3904.70 (edb9c9f3de024..., userDataDir: C:\Users\NEC936~1.MIS\AppDa...}, goog:chromeOptions: {debuggerAddress: localhost:50734}, javascriptEnabled: true, networkConnectionEnabled: false, pageLoadStrategy: normal, platform: XP, platformName: XP, proxy: Proxy(), setWindowRect: true, strictFileInteractability: false, timeouts: {implicit: 0, pageLoad: 300000, script: 30000}, unhandledPromptBehavior: dismiss and notify}
Session ID: fc754ca5efc464d36850a321d3d7d7b0">
      <![CDATA[org.openqa.selenium.WebDriverException: chrome not reachable
  (Session info: chrome=78.0.3904.87)
Build info: version: '3.141.59', revision: 'e82be7d358', time: '2018-11-14T08:17:03'
System info: host: 'P3ALAP-G01FTQF', ip: '10.222.162.86', os.name: 'Windows 10', os.arch: 'amd64', os.version: '10.0', java.version: '1.8.0_201'
Driver info: org.openqa.selenium.chrome.ChromeDriver
Capabilities {acceptInsecureCerts: false, browserName: chrome, browserVersion: 78.0.3904.87, chrome: {chromedriverVersion: 78.0.3904.70 (edb9c9f3de024..., userDataDir: C:\Users\NEC936~1.MIS\AppDa...}, goog:chromeOptions: {debuggerAddress: localhost:50734}, javascriptEnabled: true, networkConnectionEnabled: false, pageLoadStrategy: normal, platform: XP, platformName: XP, proxy: Proxy(), setWindowRect: true, strictFileInteractability: false, timeouts: {implicit: 0, pageLoad: 300000, script: 30000}, unhandledPromptBehavior: dismiss and notify}
Session ID: fc754ca5efc464d36850a321d3d7d7b0
at org.openqa.selenium.remote.http.W3CHttpResponseCodec.createException(W3CHttpResponseCodec.java:187)
at org.openqa.selenium.remote.http.W3CHttpResponseCodec.decode(W3CHttpResponseCodec.java:122)
at org.openqa.selenium.remote.http.W3CHttpResponseCodec.decode(W3CHttpResponseCodec.java:49)
at org.openqa.selenium.remote.HttpCommandExecutor.execute(HttpCommandExecutor.java:158)
at org.openqa.selenium.remote.service.DriverCommandExecutor.execute(DriverCommandExecutor.java:83)
at org.openqa.selenium.remote.RemoteWebDriver.execute(RemoteWebDriver.java:552)
at org.openqa.selenium.remote.RemoteWebDriver.execute(RemoteWebDriver.java:609)
at org.openqa.selenium.remote.RemoteWebDriver$RemoteWebDriverOptions$RemoteWindow.maximize(RemoteWebDriver.java:837)
at testngFeature.OpenGoogle.f(OpenGoogle.java:15)
at java.util.ArrayList.forEach(ArrayList.java:1257)
... Removed 35 stack frames]]>
    </failure>
  </testcase> <!-- f -->
  <testcase name="SearchFlight" time="0.0" classname="testngFeature.MercuryTravel">
    <ignored/>
  </testcase> <!-- SearchFlight -->
</testsuite> <!-- Test -->
